GAS LISTING /tmp/ccKFmHIv.s 			page 1


   1               		.file	"main.c"
   2               	__SP_H__ = 0x3e
   3               	__SP_L__ = 0x3d
   4               	__SREG__ = 0x3f
   5               	__tmp_reg__ = 0
   6               	__zero_reg__ = 1
   7               		.stabs	"/home/yusuf/Masa\303\274st\303\274/AVR/interrupt2/",100,0,2,.Ltext0
   8               		.stabs	"main.c",100,0,2,.Ltext0
   9               		.text
  10               	.Ltext0:
  11               		.stabs	"gcc2_compiled.",60,0,0,0
  12               		.stabs	"int:t(0,1)=r(0,1);-32768;32767;",128,0,0,0
  13               		.stabs	"char:t(0,2)=@s8;r(0,2);0;255;",128,0,0,0
  14               		.stabs	"long int:t(0,3)=@s32;r(0,3);020000000000;017777777777;",128,0,0,0
  15               		.stabs	"unsigned int:t(0,4)=r(0,4);0;0177777;",128,0,0,0
  16               		.stabs	"long unsigned int:t(0,5)=@s32;r(0,5);0;037777777777;",128,0,0,0
  17               		.stabs	"long long int:t(0,6)=@s64;r(0,6);01000000000000000000000;0777777777777777777777;",128,0,0,
  18               		.stabs	"long long unsigned int:t(0,7)=@s64;r(0,7);0;01777777777777777777777;",128,0,0,0
  19               		.stabs	"short int:t(0,8)=r(0,8);-32768;32767;",128,0,0,0
  20               		.stabs	"short unsigned int:t(0,9)=r(0,9);0;0177777;",128,0,0,0
  21               		.stabs	"signed char:t(0,10)=@s8;r(0,10);-128;127;",128,0,0,0
  22               		.stabs	"unsigned char:t(0,11)=@s8;r(0,11);0;255;",128,0,0,0
  23               		.stabs	"float:t(0,12)=r(0,1);4;0;",128,0,0,0
  24               		.stabs	"double:t(0,13)=r(0,1);4;0;",128,0,0,0
  25               		.stabs	"long double:t(0,14)=r(0,1);4;0;",128,0,0,0
  26               		.stabs	"short _Fract:t(0,15)=r(0,1);1;0;",128,0,0,0
  27               		.stabs	"_Fract:t(0,16)=r(0,1);2;0;",128,0,0,0
  28               		.stabs	"long _Fract:t(0,17)=r(0,1);4;0;",128,0,0,0
  29               		.stabs	"long long _Fract:t(0,18)=r(0,1);8;0;",128,0,0,0
  30               		.stabs	"unsigned short _Fract:t(0,19)=r(0,1);1;0;",128,0,0,0
  31               		.stabs	"unsigned _Fract:t(0,20)=r(0,1);2;0;",128,0,0,0
  32               		.stabs	"unsigned long _Fract:t(0,21)=r(0,1);4;0;",128,0,0,0
  33               		.stabs	"unsigned long long _Fract:t(0,22)=r(0,1);8;0;",128,0,0,0
  34               		.stabs	"_Sat short _Fract:t(0,23)=r(0,1);1;0;",128,0,0,0
  35               		.stabs	"_Sat _Fract:t(0,24)=r(0,1);2;0;",128,0,0,0
  36               		.stabs	"_Sat long _Fract:t(0,25)=r(0,1);4;0;",128,0,0,0
  37               		.stabs	"_Sat long long _Fract:t(0,26)=r(0,1);8;0;",128,0,0,0
  38               		.stabs	"_Sat unsigned short _Fract:t(0,27)=r(0,1);1;0;",128,0,0,0
  39               		.stabs	"_Sat unsigned _Fract:t(0,28)=r(0,1);2;0;",128,0,0,0
  40               		.stabs	"_Sat unsigned long _Fract:t(0,29)=r(0,1);4;0;",128,0,0,0
  41               		.stabs	"_Sat unsigned long long _Fract:t(0,30)=r(0,1);8;0;",128,0,0,0
  42               		.stabs	"short _Accum:t(0,31)=r(0,1);2;0;",128,0,0,0
  43               		.stabs	"_Accum:t(0,32)=r(0,1);4;0;",128,0,0,0
  44               		.stabs	"long _Accum:t(0,33)=r(0,1);8;0;",128,0,0,0
  45               		.stabs	"long long _Accum:t(0,34)=r(0,1);8;0;",128,0,0,0
  46               		.stabs	"unsigned short _Accum:t(0,35)=r(0,1);2;0;",128,0,0,0
  47               		.stabs	"unsigned _Accum:t(0,36)=r(0,1);4;0;",128,0,0,0
  48               		.stabs	"unsigned long _Accum:t(0,37)=r(0,1);8;0;",128,0,0,0
  49               		.stabs	"unsigned long long _Accum:t(0,38)=r(0,1);8;0;",128,0,0,0
  50               		.stabs	"_Sat short _Accum:t(0,39)=r(0,1);2;0;",128,0,0,0
  51               		.stabs	"_Sat _Accum:t(0,40)=r(0,1);4;0;",128,0,0,0
  52               		.stabs	"_Sat long _Accum:t(0,41)=r(0,1);8;0;",128,0,0,0
  53               		.stabs	"_Sat long long _Accum:t(0,42)=r(0,1);8;0;",128,0,0,0
  54               		.stabs	"_Sat unsigned short _Accum:t(0,43)=r(0,1);2;0;",128,0,0,0
  55               		.stabs	"_Sat unsigned _Accum:t(0,44)=r(0,1);4;0;",128,0,0,0
  56               		.stabs	"_Sat unsigned long _Accum:t(0,45)=r(0,1);8;0;",128,0,0,0
  57               		.stabs	"_Sat unsigned long long _Accum:t(0,46)=r(0,1);8;0;",128,0,0,0
GAS LISTING /tmp/ccKFmHIv.s 			page 2


  58               		.stabs	"void:t(0,47)=(0,47)",128,0,0,0
  59               		.stabs	"main.h",130,0,0,0
  60               		.stabs	"/usr/lib/avr/include/avr/io.h",130,0,0,0
  61               		.stabs	"/usr/lib/avr/include/avr/sfr_defs.h",130,0,0,0
  62               		.stabs	"/usr/lib/avr/include/inttypes.h",130,0,0,0
  63               		.stabs	"/usr/lib/gcc/avr/4.8.2/include/stdint.h",130,0,0,0
  64               		.stabs	"/usr/lib/avr/include/stdint.h",130,0,0,0
  65               		.stabs	"int8_t:t(6,1)=(0,10)",128,0,121,0
  66               		.stabs	"uint8_t:t(6,2)=(0,11)",128,0,122,0
  67               		.stabs	"int16_t:t(6,3)=(0,1)",128,0,123,0
  68               		.stabs	"uint16_t:t(6,4)=(0,4)",128,0,124,0
  69               		.stabs	"int32_t:t(6,5)=(0,3)",128,0,125,0
  70               		.stabs	"uint32_t:t(6,6)=(0,5)",128,0,126,0
  71               		.stabs	"int64_t:t(6,7)=(0,6)",128,0,128,0
  72               		.stabs	"uint64_t:t(6,8)=(0,7)",128,0,129,0
  73               		.stabs	"intptr_t:t(6,9)=(6,3)",128,0,142,0
  74               		.stabs	"uintptr_t:t(6,10)=(6,4)",128,0,147,0
  75               		.stabs	"int_least8_t:t(6,11)=(6,1)",128,0,159,0
  76               		.stabs	"uint_least8_t:t(6,12)=(6,2)",128,0,164,0
  77               		.stabs	"int_least16_t:t(6,13)=(6,3)",128,0,169,0
  78               		.stabs	"uint_least16_t:t(6,14)=(6,4)",128,0,174,0
  79               		.stabs	"int_least32_t:t(6,15)=(6,5)",128,0,179,0
  80               		.stabs	"uint_least32_t:t(6,16)=(6,6)",128,0,184,0
  81               		.stabs	"int_least64_t:t(6,17)=(6,7)",128,0,192,0
  82               		.stabs	"uint_least64_t:t(6,18)=(6,8)",128,0,199,0
  83               		.stabs	"int_fast8_t:t(6,19)=(6,1)",128,0,213,0
  84               		.stabs	"uint_fast8_t:t(6,20)=(6,2)",128,0,218,0
  85               		.stabs	"int_fast16_t:t(6,21)=(6,3)",128,0,223,0
  86               		.stabs	"uint_fast16_t:t(6,22)=(6,4)",128,0,228,0
  87               		.stabs	"int_fast32_t:t(6,23)=(6,5)",128,0,233,0
  88               		.stabs	"uint_fast32_t:t(6,24)=(6,6)",128,0,238,0
  89               		.stabs	"int_fast64_t:t(6,25)=(6,7)",128,0,246,0
  90               		.stabs	"uint_fast64_t:t(6,26)=(6,8)",128,0,253,0
  91               		.stabs	"intmax_t:t(6,27)=(6,7)",128,0,273,0
  92               		.stabs	"uintmax_t:t(6,28)=(6,8)",128,0,278,0
  93               		.stabn	162,0,0,0
  94               		.stabn	162,0,0,0
  95               		.stabs	"int_farptr_t:t(4,1)=(6,5)",128,0,77,0
  96               		.stabs	"uint_farptr_t:t(4,2)=(6,6)",128,0,81,0
  97               		.stabn	162,0,0,0
  98               		.stabn	162,0,0,0
  99               		.stabs	"/usr/lib/avr/include/avr/fuse.h",130,0,0,0
 100               		.stabs	"__fuse_t:t(7,1)=(7,2)=s3low:(0,11),0,8;high:(0,11),8,8;extended:(0,11),16,8;;",128,0,244,0
 101               		.stabn	162,0,0,0
 102               		.stabn	162,0,0,0
 103               		.stabn	162,0,0,0
 104               		.stabs	"mcu_initialize:F(0,47)",36,0,9,mcu_initialize
 105               	.global	mcu_initialize
 106               		.type	mcu_initialize, @function
 107               	mcu_initialize:
 108               		.stabd	46,0,0
   1:main.c        **** #include "main.h"
   2:main.c        **** 
   3:main.c        **** unsigned char compare[1];
   4:main.c        **** volatile unsigned char compbuff[1];
   5:main.c        **** 
   6:main.c        **** int redVal = 0;
GAS LISTING /tmp/ccKFmHIv.s 			page 3


   7:main.c        **** 
   8:main.c        **** 
   9:main.c        **** void mcu_initialize(void){
 109               		.stabn	68,0,9,.LM0-.LFBB1
 110               	.LM0:
 111               	.LFBB1:
 112               	/* prologue: function */
 113               	/* frame size = 0 */
 114               	/* stack size = 0 */
 115               	.L__stack_usage = 0
  10:main.c        ****     PORTB = 0x00;
 116               		.stabn	68,0,10,.LM1-.LFBB1
 117               	.LM1:
 118 0000 15B8      		out 0x5,__zero_reg__
  11:main.c        ****     
  12:main.c        ****     DDRB |= _BV(B0); // PB0 çıkış yapıldı.
 119               		.stabn	68,0,12,.LM2-.LFBB1
 120               	.LM2:
 121 0002 209A      		sbi 0x4,0
  13:main.c        ****     TIFR0 = (1 << TOV0); // Overflow olduğunda hardware tarafından temizlenmeyi etkinleştir.
 122               		.stabn	68,0,13,.LM3-.LFBB1
 123               	.LM3:
 124 0004 81E0      		ldi r24,lo8(1)
 125 0006 85BB      		out 0x15,r24
  14:main.c        ****     TCCR0B = (1 << WGM01); // CTC bit enable
 126               		.stabn	68,0,14,.LM4-.LFBB1
 127               	.LM4:
 128 0008 92E0      		ldi r25,lo8(2)
 129 000a 95BD      		out 0x25,r25
  15:main.c        ****     TIMSK0 = (1 << TOIE0); // Timer overflow interrupt enable
 130               		.stabn	68,0,15,.LM5-.LFBB1
 131               	.LM5:
 132 000c 8093 6E00 		sts 110,r24
  16:main.c        ****     
  17:main.c        ****     sei(); // Global interrupt etkinleştirildi.
 133               		.stabn	68,0,17,.LM6-.LFBB1
 134               	.LM6:
 135               	/* #APP */
 136               	 ;  17 "main.c" 1
 137 0010 7894      		sei
 138               	 ;  0 "" 2
  18:main.c        ****     
  19:main.c        ****     TCCR0B = (1 << CS00); // Prescaler yok.
 139               		.stabn	68,0,19,.LM7-.LFBB1
 140               	.LM7:
 141               	/* #NOAPP */
 142 0012 85BD      		out 0x25,r24
 143 0014 0895      		ret
 144               		.size	mcu_initialize, .-mcu_initialize
 145               	.Lscope1:
 146               		.stabs	"",36,0,0,.Lscope1-.LFBB1
 147               		.stabd	78,0,0
 148               		.section	.text.startup,"ax",@progbits
 149               		.stabs	"main:F(0,1)",36,0,24,main
 150               	.global	main
 151               		.type	main, @function
 152               	main:
GAS LISTING /tmp/ccKFmHIv.s 			page 4


 153               		.stabd	46,0,0
  20:main.c        ****     
  21:main.c        **** }
  22:main.c        **** 
  23:main.c        **** 
  24:main.c        **** int main(void){
 154               		.stabn	68,0,24,.LM8-.LFBB2
 155               	.LM8:
 156               	.LFBB2:
 157               	/* prologue: function */
 158               	/* frame size = 0 */
 159               	/* stack size = 0 */
 160               	.L__stack_usage = 0
  25:main.c        ****     mcu_initialize(); // MCU'yu ayarla.
 161               		.stabn	68,0,25,.LM9-.LFBB2
 162               	.LM9:
 163 0000 0E94 0000 		call mcu_initialize
  26:main.c        ****     int r_dir = 1;
 164               		.stabn	68,0,26,.LM10-.LFBB2
 165               	.LM10:
 166 0004 C1E0      		ldi r28,lo8(1)
 167 0006 D0E0      		ldi r29,0
 168               	.L5:
 169               	.LBB2:
  27:main.c        ****     while(1){
  28:main.c        ****         if (redVal > 253) {
 170               		.stabn	68,0,28,.LM11-.LFBB2
 171               	.LM11:
 172 0008 8091 0000 		lds r24,redVal
 173 000c 9091 0000 		lds r25,redVal+1
 174 0010 8E3F      		cpi r24,-2
 175 0012 9105      		cpc r25,__zero_reg__
 176 0014 04F4      		brge .L6
  29:main.c        ****           r_dir = -1;
  30:main.c        ****         }
  31:main.c        ****         if (redVal < 2) {
 177               		.stabn	68,0,31,.LM12-.LFBB2
 178               	.LM12:
 179 0016 8230      		cpi r24,2
 180 0018 9105      		cpc r25,__zero_reg__
 181 001a 04F4      		brge .L4
  32:main.c        ****           r_dir = 1;
 182               		.stabn	68,0,32,.LM13-.LFBB2
 183               	.LM13:
 184 001c C1E0      		ldi r28,lo8(1)
 185 001e D0E0      		ldi r29,0
 186 0020 00C0      		rjmp .L4
 187               	.L6:
  29:main.c        ****           r_dir = -1;
 188               		.stabn	68,0,29,.LM14-.LFBB2
 189               	.LM14:
 190 0022 CFEF      		ldi r28,lo8(-1)
 191 0024 DFEF      		ldi r29,lo8(-1)
 192               	.L4:
  33:main.c        ****         }
  34:main.c        ****         
  35:main.c        ****         redVal += r_dir;    
GAS LISTING /tmp/ccKFmHIv.s 			page 5


 193               		.stabn	68,0,35,.LM15-.LFBB2
 194               	.LM15:
 195 0026 8C0F      		add r24,r28
 196 0028 9D1F      		adc r25,r29
 197 002a 9093 0000 		sts redVal+1,r25
 198 002e 8093 0000 		sts redVal,r24
  36:main.c        ****         compbuff[0] = redVal;        
 199               		.stabn	68,0,36,.LM16-.LFBB2
 200               	.LM16:
 201 0032 8093 0000 		sts compbuff,r24
  37:main.c        ****         delay_ms(5);
 202               		.stabn	68,0,37,.LM17-.LFBB2
 203               	.LM17:
 204 0036 85E0      		ldi r24,lo8(5)
 205 0038 90E0      		ldi r25,0
 206 003a 0E94 0000 		call delay_ms
 207               	.LBE2:
  38:main.c        ****     }
 208               		.stabn	68,0,38,.LM18-.LFBB2
 209               	.LM18:
 210 003e 00C0      		rjmp .L5
 211               		.size	main, .-main
 212               		.stabs	"r_dir:r(0,1)",64,0,26,28
 213               		.stabn	192,0,0,.LFBB2-.LFBB2
 214               		.stabn	224,0,0,.Lscope2-.LFBB2
 215               	.Lscope2:
 216               		.stabs	"",36,0,0,.Lscope2-.LFBB2
 217               		.stabd	78,0,0
 218               		.text
 219               		.stabs	"__vector_16:F(0,47)",36,0,42,__vector_16
 220               	.global	__vector_16
 221               		.type	__vector_16, @function
 222               	__vector_16:
 223               		.stabd	46,0,0
  39:main.c        **** }
  40:main.c        **** 
  41:main.c        ****  
  42:main.c        **** ISR (TIMER0_OVF_vect) {
 224               		.stabn	68,0,42,.LM19-.LFBB3
 225               	.LM19:
 226               	.LFBB3:
 227 0016 1F92      		push r1
 228 0018 0F92      		push r0
 229 001a 0FB6      		in r0,__SREG__
 230 001c 0F92      		push r0
 231 001e 1124      		clr __zero_reg__
 232 0020 2F93      		push r18
 233 0022 3F93      		push r19
 234 0024 4F93      		push r20
 235 0026 5F93      		push r21
 236 0028 6F93      		push r22
 237 002a 7F93      		push r23
 238 002c 8F93      		push r24
 239 002e 9F93      		push r25
 240 0030 AF93      		push r26
 241 0032 BF93      		push r27
 242 0034 EF93      		push r30
GAS LISTING /tmp/ccKFmHIv.s 			page 6


 243 0036 FF93      		push r31
 244               	/* prologue: Signal */
 245               	/* frame size = 0 */
 246               	/* stack size = 15 */
 247               	.L__stack_usage = 15
  43:main.c        ****   static unsigned char pinlevelB=(1 << PB0);
  44:main.c        ****   static unsigned char softcount= 0xFF;
  45:main.c        ****   PORTB = pinlevelB;            
 248               		.stabn	68,0,45,.LM20-.LFBB3
 249               	.LM20:
 250 0038 8091 0000 		lds r24,pinlevelB.1649
 251 003c 85B9      		out 0x5,r24
  46:main.c        ****   volatile uint8_t *port;
  47:main.c        ****   port = &pinlevelB;
  48:main.c        ****   
  49:main.c        ****   if(++softcount == 0){         
 252               		.stabn	68,0,49,.LM21-.LFBB3
 253               	.LM21:
 254 003e 8091 0000 		lds r24,softcount.1650
 255 0042 8F5F      		subi r24,lo8(-(1))
 256 0044 8093 0000 		sts softcount.1650,r24
 257 0048 8111      		cpse r24,__zero_reg__
 258 004a 00C0      		rjmp .L10
  50:main.c        ****     compare[0] = compbuff[0];  // karşılaştır. 
 259               		.stabn	68,0,50,.LM22-.LFBB3
 260               	.LM22:
 261 004c 8091 0000 		lds r24,compbuff
 262 0050 8093 0000 		sts compare,r24
  51:main.c        ****     high(port, 0);   // PWM pinini lojik 1 yap
 263               		.stabn	68,0,51,.LM23-.LFBB3
 264               	.LM23:
 265 0054 60E0      		ldi r22,0
 266 0056 80E0      		ldi r24,lo8(pinlevelB.1649)
 267 0058 90E0      		ldi r25,hi8(pinlevelB.1649)
 268 005a 0E94 0000 		call high
 269               	.L10:
  52:main.c        ****   }
  53:main.c        **** 
  54:main.c        ****   if(compare[0] == softcount) low(port, 0); // LOW dönemi
 270               		.stabn	68,0,54,.LM24-.LFBB3
 271               	.LM24:
 272 005e 9091 0000 		lds r25,compare
 273 0062 8091 0000 		lds r24,softcount.1650
 274 0066 9813      		cpse r25,r24
 275 0068 00C0      		rjmp .L9
 276               		.stabn	68,0,54,.LM25-.LFBB3
 277               	.LM25:
 278 006a 60E0      		ldi r22,0
 279 006c 80E0      		ldi r24,lo8(pinlevelB.1649)
 280 006e 90E0      		ldi r25,hi8(pinlevelB.1649)
 281 0070 0E94 0000 		call low
 282               	.L9:
 283               	/* epilogue start */
  55:main.c        **** 
  56:main.c        **** }
 284               		.stabn	68,0,56,.LM26-.LFBB3
 285               	.LM26:
GAS LISTING /tmp/ccKFmHIv.s 			page 7


 286 0074 FF91      		pop r31
 287 0076 EF91      		pop r30
 288 0078 BF91      		pop r27
 289 007a AF91      		pop r26
 290 007c 9F91      		pop r25
 291 007e 8F91      		pop r24
 292 0080 7F91      		pop r23
 293 0082 6F91      		pop r22
 294 0084 5F91      		pop r21
 295 0086 4F91      		pop r20
 296 0088 3F91      		pop r19
 297 008a 2F91      		pop r18
 298 008c 0F90      		pop r0
 299 008e 0FBE      		out __SREG__,r0
 300 0090 0F90      		pop r0
 301 0092 1F90      		pop r1
 302 0094 1895      		reti
 303               		.size	__vector_16, .-__vector_16
 304               		.stabs	"pinlevelB:V(0,11)",38,0,43,pinlevelB.1649
 305               		.stabs	"softcount:V(0,11)",38,0,44,softcount.1650
 306               		.stabn	192,0,0,.LFBB3-.LFBB3
 307               		.stabn	224,0,0,.Lscope3-.LFBB3
 308               	.Lscope3:
 309               		.stabs	"",36,0,0,.Lscope3-.LFBB3
 310               		.stabd	78,0,0
 311               		.data
 312               		.type	softcount.1650, @object
 313               		.size	softcount.1650, 1
 314               	softcount.1650:
 315 0000 FF        		.byte	-1
 316               		.type	pinlevelB.1649, @object
 317               		.size	pinlevelB.1649, 1
 318               	pinlevelB.1649:
 319 0001 01        		.byte	1
 320               	.global	redVal
 321               		.section .bss
 322               		.type	redVal, @object
 323               		.size	redVal, 2
 324               	redVal:
 325 0000 0000      		.zero	2
 326               		.comm	compbuff,1,1
 327               		.comm	compare,1,1
 328               		.stabs	"compare:G(0,48)=ar(0,49)=r(0,49);0;0177777;;0;0;(0,11)",32,0,3,0
 329               		.stabs	"compbuff:G(0,50)=ar(0,49);0;0;(0,51)=B(0,11)",32,0,4,0
 330               		.stabs	"redVal:G(0,1)",32,0,6,0
 331               		.text
 332               		.stabs	"",100,0,0,.Letext0
 333               	.Letext0:
 334               		.ident	"GCC: (GNU) 4.8.2"
 335               	.global __do_copy_data
 336               	.global __do_clear_bss
GAS LISTING /tmp/ccKFmHIv.s 			page 8


DEFINED SYMBOLS
                            *ABS*:0000000000000000 main.c
     /tmp/ccKFmHIv.s:2      *ABS*:000000000000003e __SP_H__
     /tmp/ccKFmHIv.s:3      *ABS*:000000000000003d __SP_L__
     /tmp/ccKFmHIv.s:4      *ABS*:000000000000003f __SREG__
     /tmp/ccKFmHIv.s:5      *ABS*:0000000000000000 __tmp_reg__
     /tmp/ccKFmHIv.s:6      *ABS*:0000000000000001 __zero_reg__
     /tmp/ccKFmHIv.s:107    .text:0000000000000000 mcu_initialize
     /tmp/ccKFmHIv.s:152    .text.startup:0000000000000000 main
     /tmp/ccKFmHIv.s:324    .bss:0000000000000000 redVal
                            *COM*:0000000000000001 compbuff
     /tmp/ccKFmHIv.s:222    .text:0000000000000016 __vector_16
     /tmp/ccKFmHIv.s:318    .data:0000000000000001 pinlevelB.1649
     /tmp/ccKFmHIv.s:314    .data:0000000000000000 softcount.1650
                            *COM*:0000000000000001 compare

UNDEFINED SYMBOLS
delay_ms
high
low
__do_copy_data
__do_clear_bss
